<?xml version="1.0" encoding="UTF-8"?>
<!-- Generated by org.testng.reporters.JUnitReportReporter -->
<testsuite hostname="Spydie" failures="0" tests="1" name="test.HomePageTest" time="35.575" errors="0" timestamp="2023-01-08T10:27:21 IST" skipped="0">
  <testcase classname="test.HomePageTest" name="homepagefunction" time="35.575"/>
  <system-out/>
</testsuite> <!-- test.HomePageTest -->
