<?xml version="1.0" encoding="UTF-8"?>
<!-- Generated by org.testng.reporters.JUnitReportReporter -->
<testsuite hostname="LAPTOP-JPAOG5NK" failures="0" tests="1" name="test.LoginTest" time="11.142" errors="0" timestamp="2023-01-11T00:48:24 IST" skipped="0">
  <testcase classname="test.LoginTest" name="loginTest" time="11.142"/>
  <system-out/>
</testsuite> <!-- test.LoginTest -->
